Listing:

   1 (*
   2  GpcpCompiler.SaveCopyAsText
   3 GpcpCompiler.Compile
   4 GpcpCompiler.Run
   5 *)
   6 MODULE FormDemo;
   7 
   8         
   9 
  10         IMPORT
  11                 Swing := javax_swing,
  12                 Awt := java_awt,
  13                 Event := java_awt_event,
  14                 CPmain, Console;
  15 
  16         TYPE
  17                 SwingConst = Swing.SwingConstants;
  18                 
  19                 BackgroundPanel* = POINTER TO RECORD(Swing.JPanel + Event.ItemListener)
  20                         frame: Frame;
  21                         btnGruen, btnBlau, btnRot, btnGelb, btnGrau: Swing.JRadioButton;
  22                 END;
  23                 
  24                 Frame* = POINTER TO RECORD(Swing.JFrame)
  25                         bgPanel: BackgroundPanel;
  26                 END;
  27 
  28         VAR
  29                 frame: Frame;
  30                 comp: Awt.Component;
  31                 b: BOOLEAN;
  32 
  33         PROCEDURE (f: Frame) SetBackColor, NEW;
  34         VAR color: Awt.Color;
  35         BEGIN
  36                 color := Awt.Color.LIGHT_GRAY;
  37                 IF f.bgPanel.btnGruen.isSelected() THEN color := Awt.Color.GREEN
  38                 ELSIF f.bgPanel.btnBlau.isSelected() THEN color := Awt.Color.BLUE
  39                 ELSIF f.bgPanel.btnRot.isSelected() THEN color := Awt.Color.RED
  40                 ELSIF f.bgPanel.btnGelb.isSelected() THEN color := Awt.Color.YELLOW
  41                 ELSIF f.bgPanel.btnGrau.isSelected() THEN color := Awt.Color.GRAY
  42                 END;
  43                 f.getContentPane().setBackground(color);
  44         END SetBackColor;
  45 
  46         PROCEDURE (panel: BackgroundPanel) itemStateChanged* (e: Event.ItemEvent), NEW;
  47         BEGIN
  48                 IF e.getStateChange() = Event.ItemEvent.SELECTED THEN
  49                         panel.frame.SetBackColor();
  50 (*                      java.awt.Toolkit.getDefaultToolkit().beep(); *)
  51                         Console.beep(100, 100);
**** --------------------------------^ Identifier not known in qualified scope
  52                 END
  53         END itemStateChanged;
  54 
  55         PROCEDURE (panel: BackgroundPanel) Add(IN grp:Swing.ButtonGroup; VAR but: Swing.JRadioButton; str: ARRAY OF CHAR), NEW;
  56         BEGIN
  57                 but := Swing.JRadioButton.Init(MKSTR(str));
  58                 but.setOpaque(FALSE);
  59                 but.addItemListener(panel);
  60                 grp.add(but);
  61                 comp := panel.add(but)
  62         END Add;
  63 
  64         (* Panel für Hintergrundfarben *)
  65         PROCEDURE NewBackgroundPanel(f: Frame): BackgroundPanel;
  66         VAR layout: Awt.LayoutManager;
  67                 panel: BackgroundPanel;
  68                 btnGrp: Swing.ButtonGroup;
  69                 lbl: Swing.JLabel;
  70         BEGIN
  71                 NEW(panel);
  72                 panel.frame := frame;
  73                 
  74                 layout := Awt.GridLayout.Init(6, 1)(Awt.LayoutManager);
  75                 panel.setLayout(layout);
  76                 panel.setBounds(20, 20, 140, 160);
  77                 panel.setBorder(Swing.BorderFactory.createLineBorder(Awt.Color.BLACK));
  78                 panel.setOpaque(FALSE);
  79                 (* Label Hintergrund *)
  80                 lbl := Swing.JLabel.Init("Hintergrund");
  81                 lbl.setHorizontalAlignment(SwingConst.CENTER);
  82                 comp := panel.add(lbl);
  83 
  84                 (* Buttongruppe Hintergrund *)
  85                 btnGrp := Swing.ButtonGroup.Init();
  86 
  87                 panel.Add(btnGrp, panel.btnGruen, "Grün");
  88                 panel.Add(btnGrp, panel.btnBlau, "Blau");
  89                 panel.Add(btnGrp, panel.btnRot, "Rot");
  90                 panel.Add(btnGrp, panel.btnGelb, "Gelb");
  91                 panel.Add(btnGrp, panel.btnGrau, "Grau");
  92 
  93                 comp := f.add(panel); 
  94                 RETURN panel
  95         END NewBackgroundPanel;
  96 
  97         PROCEDURE NewFrame(): Frame;
  98         VAR f: Frame;
  99                 jFrame: Swing.JFrame;
 100         BEGIN
 101                 NEW(f);
 102                 f.setTitle("CheckBox und RadioButton");
 103                 f.setSize(485, 280);
 104                 f.setResizable(FALSE);
 105                 f.setDefaultCloseOperation(Swing.JFrame.EXIT_ON_CLOSE);
 106                 f.setLayout(NIL);
 107                 
 108                 f.bgPanel := NewBackgroundPanel(f);
 109                 RETURN f
 110 END NewFrame;
 111 
 112 BEGIN
 113         Console.WriteString("Hallo CP World"); Console.WriteLn;
 114 
 115         frame := NewFrame();
 116         frame.setVisible(TRUE)
 117 END FormDemo.

There were:  1 error, and No warnings


